2024-10-11 00:25:12,381 [INFO] MainUpdater:2873 - connection check result : 10
2024-10-11 00:25:12,464 [INFO] McuFinderGlobals:76 - Set McuFinderConnectedMode to true
2024-10-11 00:25:12,464 [INFO] MultiScanPanel:200 - Auto-refresh data requested => check proxy status ongoing
2024-10-11 00:25:12,465 [INFO] FinderPluginLoader:95 - Searching for filters in installed packs
2024-10-11 00:25:13,639 [INFO] LoadUrlFilesThread:185 - End of LoadServerUrlFiles without Thread
2024-10-11 00:25:13,639 [INFO] DetailPanel:341 - Set advertising image to C:/Users/radek/STM32Cube/Repository/\en.prom-stm32c071-usb-memories-mcu-finder.png
2024-10-11 00:26:11,059 [INFO] MainUpdater:2873 - connection check result : 10
2024-10-11 00:26:11,059 [INFO] MainUpdater:2873 - connection check result : 10
2024-10-11 00:26:11,099 [INFO] MicroXplorer:468 - Change Database Path : 
2024-10-11 00:26:11,100 [INFO] MicroXplorer:498 - Change Database Version : DB.6.0.121
2024-10-11 00:26:11,108 [ERROR] ProjectManagerView:394 - 
java.lang.NullPointerException: Cannot invoke "javax.swing.JTextField.getText()" because the return value of "java.util.List.get(int)" is null
	at com.st.microxplorer.plugins.projectmanager.gui.ProjectChoiceTab$10.caretUpdate(ProjectChoiceTab.java:2622) ~[filemanager.jar:?]
	at javax.swing.text.JTextComponent.fireCaretUpdate(JTextComponent.java:412) ~[?:?]
	at javax.swing.text.JTextComponent$MutableCaretEvent.fire(JTextComponent.java:4491) ~[?:?]
	at javax.swing.text.JTextComponent$MutableCaretEvent.stateChanged(JTextComponent.java:4513) ~[?:?]
	at javax.swing.text.DefaultCaret.fireStateChanged(DefaultCaret.java:842) ~[?:?]
	at javax.swing.text.DefaultCaret.changeCaretPosition(DefaultCaret.java:1313) ~[?:?]
	at javax.swing.text.DefaultCaret.handleSetDot(DefaultCaret.java:1212) ~[?:?]
	at javax.swing.text.DefaultCaret.setDot(DefaultCaret.java:1193) ~[?:?]
	at javax.swing.text.DefaultCaret$Handler.insertUpdate(DefaultCaret.java:1789) ~[?:?]
	at javax.swing.text.AbstractDocument.fireInsertUpdate(AbstractDocument.java:226) ~[?:?]
	at javax.swing.text.AbstractDocument.handleInsertString(AbstractDocument.java:780) ~[?:?]
	at javax.swing.text.AbstractDocument.insertString(AbstractDocument.java:739) ~[?:?]
	at javax.swing.text.PlainDocument.insertString(PlainDocument.java:131) ~[?:?]
	at javax.swing.text.AbstractDocument.replace(AbstractDocument.java:698) ~[?:?]
	at javax.swing.text.JTextComponent.setText(JTextComponent.java:1729) ~[?:?]
	at com.st.microxplorer.plugins.projectmanager.gui.ProjectChoiceTab.createHeapStackFields(ProjectChoiceTab.java:972) ~[filemanager.jar:?]
	at com.st.microxplorer.plugins.projectmanager.gui.ProjectChoiceTab.buildLinkSettingsPanel(ProjectChoiceTab.java:3597) ~[filemanager.jar:?]
	at com.st.microxplorer.plugins.projectmanager.gui.ProjectChoiceTab.defineWindowsFields(ProjectChoiceTab.java:1940) ~[filemanager.jar:?]
	at com.st.microxplorer.plugins.projectmanager.gui.ProjectChoiceTab.updateSettings(ProjectChoiceTab.java:550) ~[filemanager.jar:?]
	at com.st.microxplorer.plugins.projectmanager.gui.ProjectSettingsPanel.UpdateDialog(ProjectSettingsPanel.java:245) ~[filemanager.jar:?]
	at com.st.microxplorer.plugins.projectmanager.ProjectManagerView.propertyChange(ProjectManagerView.java:391) ~[filemanager.jar:?]
	at java.beans.PropertyChangeSupport.fire(PropertyChangeSupport.java:343) ~[?:?]
	at java.beans.PropertyChangeSupport.firePropertyChange(PropertyChangeSupport.java:335) ~[?:?]
	at java.beans.PropertyChangeSupport.firePropertyChange(PropertyChangeSupport.java:268) ~[?:?]
	at com.st.microxplorer.util.MXPropertyChangeSupport.firePropertyChange(MXPropertyChangeSupport.java:54) ~[STM32CubeMX.jar:?]
	at com.st.microxplorer.mxsystem.MxSystem.closeConfig(MxSystem.java:900) ~[STM32CubeMX.jar:?]
	at com.st.microxplorer.maingui.MainPanel.closeConfig(MainPanel.java:781) ~[STM32CubeMX.jar:?]
	at com.st.microxplorer.plugins.filemanager.engine.OpenFileManager.loadConfigurationFile(OpenFileManager.java:265) ~[filemanager.jar:?]
	at com.st.microxplorer.plugins.filemanager.engine.MainFileManager.userLoadConfig(MainFileManager.java:352) ~[filemanager.jar:?]
	at com.st.microxplorer.plugins.filemanager.engine.MainFileManager.userLoadConfig(MainFileManager.java:330) ~[filemanager.jar:?]
	at com.st.microxplorer.plugins.filemanager.FileManagerView.getSpecificTask(FileManagerView.java:246) ~[filemanager.jar:?]
	at com.st.stm32cube.common.mx.editor.CubeMxEditor.getMxTabbedPaneInstance(CubeMxEditor.java:1198) ~[com.st.stm32cube.common.mx_6.12.1.202409122256/:?]
	at com.st.stm32cube.common.mx.editor.CubeMxEditor$12$1.createSwingComponent(CubeMxEditor.java:1068) ~[com.st.stm32cube.common.mx_6.12.1.202409122256/:?]
	at com.st.stm32cube.common.mx.oss.core.awtswtbridge.EmbeddedSwingComposite.doComponentCreation(EmbeddedSwingComposite.java:492) ~[com.st.stm32cube.common.mx.oss_6.12.1.202409122256/:?]
	at com.st.stm32cube.common.mx.oss.core.awtswtbridge.EmbeddedSwingComposite$4.run(EmbeddedSwingComposite.java:291) ~[com.st.stm32cube.common.mx.oss_6.12.1.202409122256/:?]
	at com.st.stm32cube.common.mx.oss.core.awtswtbridge.AwtEnvironment$2.run(AwtEnvironment.java:166) ~[com.st.stm32cube.common.mx.oss_6.12.1.202409122256/:?]
	at java.awt.event.InvocationEvent.dispatch(InvocationEvent.java:318) ~[?:?]
	at java.awt.EventQueue.dispatchEventImpl(EventQueue.java:773) ~[?:?]
	at java.awt.EventQueue$4.run(EventQueue.java:720) ~[?:?]
	at java.awt.EventQueue$4.run(EventQueue.java:714) ~[?:?]
	at java.security.AccessController.doPrivileged(AccessController.java:399) ~[?:?]
	at java.security.ProtectionDomain$JavaSecurityAccessImpl.doIntersectionPrivilege(ProtectionDomain.java:86) ~[?:?]
	at java.awt.EventQueue.dispatchEvent(EventQueue.java:742) ~[?:?]
	at java.awt.EventDispatchThread.pumpOneEventForFilters(EventDispatchThread.java:203) ~[?:?]
	at java.awt.EventDispatchThread.pumpEventsForFilter(EventDispatchThread.java:124) ~[?:?]
	at java.awt.EventDispatchThread.pumpEventsForHierarchy(EventDispatchThread.java:113) ~[?:?]
	at java.awt.EventDispatchThread.pumpEvents(EventDispatchThread.java:109) ~[?:?]
	at java.awt.EventDispatchThread.pumpEvents(EventDispatchThread.java:101) ~[?:?]
	at java.awt.EventDispatchThread.run(EventDispatchThread.java:90) ~[?:?]
2024-10-11 00:26:11,119 [WARN] ThirdParty:871 - waiting for thirdparty lock release [close project]
2024-10-11 00:26:11,119 [INFO] ThirdParty:873 - entering critical section [close project]
2024-10-11 00:26:11,119 [INFO] ThirdParty:883 - exiting critical section [close project]
2024-10-11 00:26:11,120 [INFO] PinOutPanel:1561 - setPackage(No Configuration,No Configuration)
2024-10-11 00:26:11,126 [INFO] UtilMem:75 - Begin LoadConfig() Used Memory: 898665800 Bytes (1073741824)
2024-10-11 00:26:11,126 [INFO] MicroXplorer:468 - Change Database Path : 
2024-10-11 00:26:11,126 [INFO] MicroXplorer:498 - Change Database Version : DB.6.0.121
2024-10-11 00:26:11,126 [INFO] OpenFileManager:332 - Change cursor
2024-10-11 00:26:11,134 [INFO] RulesReader:64 - Compatibility file has been processed (297 Rules)
2024-10-11 00:26:11,136 [INFO] Mcu:2032 - Initializing MCU STM32F401RETx STM32F401RETx STM32F401RET6
2024-10-11 00:26:11,554 [INFO] Context:742 - Trying to add GPIOservice into a context  which must be forbidden
2024-10-11 00:26:11,689 [INFO] ImportTextPane:205 - (OptionalMessage_ERROR) Unable to find key (Mcu.ThirdPartyNb) in loaded IOC file
2024-10-11 00:26:11,690 [INFO] ImportTextPane:205 - (OptionalMessage_ERROR) Unable to find key (Mcu.PinsNb) in loaded IOC file
2024-10-11 00:26:11,690 [INFO] ImportTextPane:205 - (OptionalMessage_ERROR) Unable to find key (Mcu.IPNb) in loaded IOC file
2024-10-11 00:26:11,777 [INFO] RtosManager:555 - Registered RTOS mode: class=CMSIS, group=RTOS, mode=CMSIS_V1, owner=FREERTOS
2024-10-11 00:26:11,777 [INFO] RtosManager:555 - Registered RTOS mode: class=CMSIS, group=RTOS2, mode=CMSIS_V2, owner=FREERTOS
2024-10-11 00:26:11,777 [INFO] RtosManager:555 - Registered RTOS mode: class=RTOS, group=Core, mode=CMSIS_V1, owner=FREERTOS
2024-10-11 00:26:11,777 [INFO] RtosManager:555 - Registered RTOS mode: class=RTOS, group=Core, mode=CMSIS_V2, owner=FREERTOS
2024-10-11 00:26:11,777 [WARN] ModelIntegratedComponent:184 - Missing modes for component STMicroelectronics:FreeRTOS:0.0.1:STMicroelectronics:RTOS:FreeRTOS:Core:::10.2.0:
2024-10-11 00:26:11,780 [WARN] ModelIntegratedComponent:63 - No mode defined for component null
2024-10-11 00:26:11,780 [WARN] ModelIntegratedComponent:63 - No mode defined for component null
2024-10-11 00:26:11,780 [WARN] ModelIntegratedComponent:63 - No mode defined for component null
2024-10-11 00:26:11,780 [WARN] ModelIntegratedComponent:63 - No mode defined for component null
2024-10-11 00:26:11,780 [WARN] ModelIntegratedComponent:63 - No mode defined for component null
2024-10-11 00:26:11,780 [WARN] ModelIntegratedComponent:63 - No mode defined for component null
2024-10-11 00:26:11,780 [WARN] ModelIntegratedComponent:63 - No mode defined for component null
2024-10-11 00:26:11,780 [WARN] ModelIntegratedComponent:63 - No mode defined for component null
2024-10-11 00:26:11,780 [WARN] ModelIntegratedComponent:63 - No mode defined for component null
2024-10-11 00:26:11,780 [WARN] ModelIntegratedComponent:63 - No mode defined for component null
2024-10-11 00:26:11,780 [WARN] ModelIntegratedComponent:63 - No mode defined for component null
2024-10-11 00:26:11,780 [WARN] ModelIntegratedComponent:63 - No mode defined for component null
2024-10-11 00:26:11,780 [WARN] ModelIntegratedComponent:63 - No mode defined for component null
2024-10-11 00:26:11,780 [WARN] ModelIntegratedComponent:63 - No mode defined for component null
2024-10-11 00:26:11,780 [WARN] ModelIntegratedComponent:63 - No mode defined for component null
2024-10-11 00:26:11,780 [WARN] ModelIntegratedComponent:63 - No mode defined for component null
2024-10-11 00:26:11,780 [WARN] ModelIntegratedComponent:63 - No mode defined for component null
2024-10-11 00:26:11,780 [WARN] ModelIntegratedComponent:63 - No mode defined for component null
2024-10-11 00:26:11,780 [WARN] ModelIntegratedComponent:63 - No mode defined for component null
2024-10-11 00:26:11,780 [WARN] ModelIntegratedComponent:63 - No mode defined for component null
2024-10-11 00:26:11,780 [WARN] ModelIntegratedComponent:63 - No mode defined for component null
2024-10-11 00:26:11,780 [WARN] ModelIntegratedComponent:63 - No mode defined for component null
2024-10-11 00:26:11,780 [WARN] ModelIntegratedComponent:63 - No mode defined for component null
2024-10-11 00:26:11,780 [WARN] ModelIntegratedComponent:63 - No mode defined for component null
2024-10-11 00:26:11,780 [WARN] ModelIntegratedComponent:63 - No mode defined for component null
2024-10-11 00:26:11,780 [WARN] ModelIntegratedComponent:63 - No mode defined for component null
2024-10-11 00:26:11,780 [WARN] ModelIntegratedComponent:63 - No mode defined for component null
2024-10-11 00:26:11,780 [WARN] ModelIntegratedComponent:63 - No mode defined for component null
2024-10-11 00:26:11,780 [WARN] ModelIntegratedComponent:63 - No mode defined for component null
2024-10-11 00:26:11,780 [WARN] ModelIntegratedComponent:63 - No mode defined for component null
2024-10-11 00:26:11,780 [WARN] ModelIntegratedComponent:63 - No mode defined for component null
2024-10-11 00:26:11,780 [WARN] ModelIntegratedComponent:63 - No mode defined for component null
2024-10-11 00:26:11,780 [WARN] ModelIntegratedComponent:63 - No mode defined for component null
2024-10-11 00:26:11,780 [WARN] ModelIntegratedComponent:63 - No mode defined for component null
2024-10-11 00:26:11,780 [WARN] ModelIntegratedComponent:63 - No mode defined for component null
2024-10-11 00:26:11,780 [WARN] ModelPack:524 - Component already loaded: STMicroelectronics:HAL Drivers:0.0.0:STMicroelectronics:Device:STMicro_Driver:XSPI:HAL::0.0.1:HAL_XSPI
2024-10-11 00:26:11,790 [INFO] ThirdPartyModel:298 - Start build external matchings
2024-10-11 00:26:12,112 [INFO] ThirdPartyModel:316 - End build external matchings
2024-10-11 00:26:12,264 [INFO] UtilMem:75 - End LoadConfig() Used Memory: 908248520 Bytes (1073741824)
2024-10-11 00:26:12,282 [WARN] ThirdParty:833 - waiting for thirdparty lock release [change project]
2024-10-11 00:26:12,283 [INFO] ThirdParty:835 - entering critical section [change project]
2024-10-11 00:26:12,283 [INFO] ThirdParty:1030 - CMSIS Pack Vendor :STMicroelectronics USBPD 4.1
2024-10-11 00:26:12,283 [INFO] ThirdParty:1030 - CMSIS Pack Vendor :STMicroelectronics X-CUBE-AZRTOS-H7 3.3.0
2024-10-11 00:26:12,283 [INFO] ThirdParty:1030 - CMSIS Pack Vendor :STMicroelectronics X-CUBE-NFC9 1.0.0
2024-10-11 00:26:12,283 [INFO] ThirdParty:1030 - CMSIS Pack Vendor :STMicroelectronics USB_HOST 2.0.0
2024-10-11 00:26:12,283 [INFO] ThirdParty:1030 - CMSIS Pack Vendor :STMicroelectronics FP-SNS-MOTENVWB1 1.4.0
2024-10-11 00:26:12,283 [INFO] ThirdParty:1030 - CMSIS Pack Vendor :STMicroelectronics X-CUBE-AZRTOS-F4 1.1.0
2024-10-11 00:26:12,283 [INFO] ThirdParty:1030 - CMSIS Pack Vendor :STMicroelectronics LIBJPEG 8.0.0
2024-10-11 00:26:12,283 [INFO] ThirdParty:1030 - CMSIS Pack Vendor :STMicroelectronics X-CUBE-SMBUS 2.1.0
2024-10-11 00:26:12,283 [INFO] ThirdParty:1030 - CMSIS Pack Vendor :STMicroelectronics X-CUBE-WB05N 1.1.0
2024-10-11 00:26:12,283 [INFO] ThirdParty:1030 - CMSIS Pack Vendor :STMicroelectronics USB_DEVICE 3.0.0
2024-10-11 00:26:12,283 [INFO] ThirdParty:1030 - CMSIS Pack Vendor :STMicroelectronics X-CUBE-TCPP 4.1.0
2024-10-11 00:26:12,283 [INFO] ThirdParty:1030 - CMSIS Pack Vendor :STMicroelectronics X-CUBE-ISPU 2.1.0
2024-10-11 00:26:12,283 [INFO] ThirdParty:1030 - CMSIS Pack Vendor :STMicroelectronics X-CUBE-FREERTOS 1.2.0
2024-10-11 00:26:12,283 [INFO] ThirdParty:1030 - CMSIS Pack Vendor :STMicroelectronics X-CUBE-IPS 3.0.0
2024-10-11 00:26:12,283 [INFO] ThirdParty:1030 - CMSIS Pack Vendor :STMicroelectronics X-CUBE-AZRTOS-WB 2.0.0
2024-10-11 00:26:12,283 [INFO] ThirdParty:1030 - CMSIS Pack Vendor :STMicroelectronics X-CUBE-GNSS1 7.0.0
2024-10-11 00:26:12,283 [INFO] ThirdParty:1030 - CMSIS Pack Vendor :STMicroelectronics X-CUBE-AZRTOS-F7 1.1.0
2024-10-11 00:26:12,283 [INFO] ThirdParty:1030 - CMSIS Pack Vendor :STMicroelectronics X-CUBE-AZRTOS-L5 2.0.0
2024-10-11 00:26:12,283 [INFO] ThirdParty:1030 - CMSIS Pack Vendor :STMicroelectronics USB_DEVICE 2.0.0
2024-10-11 00:26:12,283 [INFO] ThirdParty:1030 - CMSIS Pack Vendor :STMicroelectronics X-CUBE-NFC6 3.1.0
2024-10-11 00:26:12,283 [INFO] ThirdParty:1030 - CMSIS Pack Vendor :STMicroelectronics FP-SNS-STBOX1 2.0.0
2024-10-11 00:26:12,283 [INFO] ThirdParty:1030 - CMSIS Pack Vendor :STMicroelectronics X-CUBE-MEMS1 11.0.0
2024-10-11 00:26:12,283 [INFO] ThirdParty:1030 - CMSIS Pack Vendor :STMicroelectronics FreeRTOS 0.0.1
2024-10-11 00:26:12,283 [INFO] ThirdParty:1030 - CMSIS Pack Vendor :STMicroelectronics X-CUBE-AZRTOS-G0 1.1.0
2024-10-11 00:26:12,283 [INFO] ThirdParty:1030 - CMSIS Pack Vendor :STMicroelectronics X-CUBE-SAFEA1 1.2.2
2024-10-11 00:26:12,283 [INFO] ThirdParty:1030 - CMSIS Pack Vendor :STMicroelectronics X-CUBE-NFC4 3.0.0
2024-10-11 00:26:12,283 [INFO] ThirdParty:1030 - CMSIS Pack Vendor :STMicroelectronics X-CUBE-DPower 1.2.0
2024-10-11 00:26:12,283 [INFO] ThirdParty:1030 - CMSIS Pack Vendor :STMicroelectronics X-CUBE-SUBG2 5.0.0
2024-10-11 00:26:12,283 [INFO] ThirdParty:1030 - CMSIS Pack Vendor :STMicroelectronics STM32_WPAN 1.0.0
2024-10-11 00:26:12,283 [INFO] ThirdParty:1030 - CMSIS Pack Vendor :EmbeddedOffice I-CUBE-FS-RTOS 1.0.1
2024-10-11 00:26:12,283 [INFO] ThirdParty:1030 - CMSIS Pack Vendor :STMicroelectronics lwIP 2.0.3
2024-10-11 00:26:12,283 [INFO] ThirdParty:1030 - CMSIS Pack Vendor :STMicroelectronics FP-SNS-FLIGHT1 5.0.2
2024-10-11 00:26:12,283 [INFO] ThirdParty:1030 - CMSIS Pack Vendor :Cesanta I-CUBE-Mongoose 7.13.0
2024-10-11 00:26:12,283 [INFO] ThirdParty:1030 - CMSIS Pack Vendor :STMicroelectronics USB_HOST 1.0.0
2024-10-11 00:26:12,283 [INFO] ThirdParty:1030 - CMSIS Pack Vendor :STMicroelectronics X-CUBE-AZRTOS-G4 2.0.0
2024-10-11 00:26:12,283 [INFO] ThirdParty:1030 - CMSIS Pack Vendor :STMicroelectronics PDM2PCM 3.1.0
2024-10-11 00:26:12,283 [INFO] ThirdParty:1030 - CMSIS Pack Vendor :STMicroelectronics PDM2PCM 3.3.0
2024-10-11 00:26:12,283 [INFO] ThirdParty:1030 - CMSIS Pack Vendor :STMicroelectronics X-CUBE-DISPLAY 3.0.0
2024-10-11 00:26:12,283 [INFO] ThirdParty:1030 - CMSIS Pack Vendor :RealThread X-CUBE-RT-Thread_Nano 4.1.1
2024-10-11 00:26:12,283 [INFO] ThirdParty:1030 - CMSIS Pack Vendor :STMicroelectronics X-CUBE-BLE1 7.0.0
2024-10-11 00:26:12,283 [INFO] ThirdParty:1030 - CMSIS Pack Vendor :STMicroelectronics FP-ATR-SIGFOX1 3.2.0
2024-10-11 00:26:12,283 [INFO] ThirdParty:1030 - CMSIS Pack Vendor :STMicroelectronics X-CUBE-NFC10 1.0.0
2024-10-11 00:26:12,283 [INFO] ThirdParty:1030 - CMSIS Pack Vendor :wolfSSL I-CUBE-wolfSSL 5.7.2
2024-10-11 00:26:12,283 [INFO] ThirdParty:1030 - CMSIS Pack Vendor :STMicroelectronics X-CUBE-EEPRMA1 5.1.0
2024-10-11 00:26:12,283 [INFO] ThirdParty:1030 - CMSIS Pack Vendor :STMicroelectronics HAL Drivers 0.0.0
2024-10-11 00:26:12,284 [INFO] ThirdParty:1030 - CMSIS Pack Vendor :STMicroelectronics MBEDTLS 2.16.2
2024-10-11 00:26:12,284 [INFO] ThirdParty:1030 - CMSIS Pack Vendor :STMicroelectronics X-CUBE-ALS 1.0.2
2024-10-11 00:26:12,284 [INFO] ThirdParty:1030 - CMSIS Pack Vendor :emotas I-CUBE-CANOPEN 1.3.0
2024-10-11 00:26:12,284 [INFO] ThirdParty:1030 - CMSIS Pack Vendor :STMicroelectronics X-CUBE-NFC7 1.0.1
2024-10-11 00:26:12,284 [INFO] ThirdParty:1030 - CMSIS Pack Vendor :STMicroelectronics MBEDTLS 2.14.1
2024-10-11 00:26:12,284 [INFO] ThirdParty:1030 - CMSIS Pack Vendor :ITTIA_DB I-CUBE-ITTIADB 8.9.0
2024-10-11 00:26:12,284 [INFO] ThirdParty:1030 - CMSIS Pack Vendor :STMicroelectronics X-CUBE-TOUCHGFX 4.24.1
2024-10-11 00:26:12,284 [INFO] ThirdParty:1030 - CMSIS Pack Vendor :wolfSSL I-CUBE-wolfTPM 3.4.0
2024-10-11 00:26:12,284 [INFO] ThirdParty:1030 - CMSIS Pack Vendor :portGmbH I-Cube-SoM-uGOAL 1.1.0
2024-10-11 00:26:12,284 [INFO] ThirdParty:1030 - CMSIS Pack Vendor :STMicroelectronics X-CUBE-BLEMGR 3.1.0
2024-10-11 00:26:12,284 [INFO] ThirdParty:1030 - CMSIS Pack Vendor :STMicroelectronics ThreadX 1.0.0
2024-10-11 00:26:12,284 [INFO] ThirdParty:1030 - CMSIS Pack Vendor :STMicroelectronics FP-SNS-SMARTAG2 1.2.0
2024-10-11 00:26:12,284 [INFO] ThirdParty:1030 - CMSIS Pack Vendor :STMicroelectronics X-CUBE-AZRTOS-WL 2.0.0
2024-10-11 00:26:12,284 [INFO] ThirdParty:1030 - CMSIS Pack Vendor :SEGGER I-CUBE-embOS 1.3.1
2024-10-11 00:26:12,284 [INFO] ThirdParty:1030 - CMSIS Pack Vendor :STMicroelectronics X-CUBE-ALGOBUILD 1.4.0
2024-10-11 00:26:12,284 [INFO] ThirdParty:1030 - CMSIS Pack Vendor :STMicroelectronics FP-SNS-MOTENV1 5.0.0
2024-10-11 00:26:12,284 [INFO] ThirdParty:1030 - CMSIS Pack Vendor :STMicroelectronics USB_DEVICE 1.0.0
2024-10-11 00:26:12,284 [INFO] ThirdParty:1030 - CMSIS Pack Vendor :STMicroelectronics X-CUBE-AZRTOS-H7RS 1.0.0
2024-10-11 00:26:12,284 [INFO] ThirdParty:1030 - CMSIS Pack Vendor :wolfSSL I-CUBE-wolfMQTT 1.19.0
2024-10-11 00:26:12,284 [INFO] ThirdParty:1030 - CMSIS Pack Vendor :STMicroelectronics X-CUBE-AZRTOS-L4 2.0.0
2024-10-11 00:26:12,284 [INFO] ThirdParty:1030 - CMSIS Pack Vendor :STMicroelectronics ThreadX 0.0.2
2024-10-11 00:26:12,284 [INFO] ThirdParty:1030 - CMSIS Pack Vendor :WES I-CUBE-Cesium 1.3.0
2024-10-11 00:26:12,284 [INFO] ThirdParty:1030 - CMSIS Pack Vendor :STMicroelectronics FP-ATR-ASTRA1 2.0.0
2024-10-11 00:26:12,284 [INFO] ThirdParty:1030 - CMSIS Pack Vendor :STMicroelectronics lwIP 2.1.2
2024-10-11 00:26:12,284 [INFO] ThirdParty:1030 - CMSIS Pack Vendor :STMicroelectronics X-CUBE-SFXS2LP1 4.0.0
2024-10-11 00:26:12,284 [INFO] ThirdParty:1030 - CMSIS Pack Vendor :STMicroelectronics X-CUBE-BLE2 3.3.0
2024-10-11 00:26:12,284 [INFO] ThirdParty:1030 - CMSIS Pack Vendor :STMicroelectronics X-CUBE-TOF1 3.4.2
2024-10-11 00:26:12,284 [INFO] ThirdParty:1030 - CMSIS Pack Vendor :STMicroelectronics X-CUBE-AI 9.1.0
2024-10-11 00:26:12,284 [INFO] ThirdParty:1030 - CMSIS Pack Vendor :Infineon AIROC-Wi-Fi-Bluetooth-STM32 1.6.1
2024-10-11 00:26:12,284 [INFO] ThirdParty:1030 - CMSIS Pack Vendor :STMicroelectronics PDM2PCM 3.2.0
2024-10-11 00:26:12,284 [INFO] ThirdParty:1030 - CMSIS Pack Vendor :wolfSSL I-CUBE-wolfSSH 1.4.17
2024-10-11 00:26:12,284 [INFO] ThirdParty:841 - exiting critical section [change project]
2024-10-11 00:26:12,372 [INFO] PinOutPanel:1561 - setPackage(No Configuration,No Configuration)
2024-10-11 00:26:12,372 [INFO] PinOutPanel:1561 - setPackage(STM32F401RETx,LQFP64)
2024-10-11 00:26:12,533 [INFO] UtilMem:75 - Before build in PCC Used Memory: 904971848 Bytes (1073741824)
2024-10-11 00:26:12,682 [INFO] UtilMem:75 - After build in PCC Used Memory: 950060616 Bytes (1073741824)
2024-10-11 00:26:12,697 [INFO] IPUIPlugin:80 - create IPUIPlugin
2024-10-11 00:26:12,697 [INFO] IPUIPlugin:80 - create IPUIPlugin
2024-10-11 00:26:12,697 [INFO] IPUIPlugin:80 - create IPUIPlugin
2024-10-11 00:26:12,697 [INFO] IPUIPlugin:80 - create IPUIPlugin
2024-10-11 00:26:12,697 [INFO] IPUIPlugin:80 - create IPUIPlugin
2024-10-11 00:26:12,697 [INFO] IPUIPlugin:80 - create IPUIPlugin
2024-10-11 00:26:12,697 [INFO] IPUIPlugin:80 - create IPUIPlugin
2024-10-11 00:26:12,697 [INFO] IPUIPlugin:80 - create IPUIPlugin
2024-10-11 00:26:12,697 [INFO] IPUIPlugin:80 - create IPUIPlugin
2024-10-11 00:26:12,698 [INFO] IPUIPlugin:80 - create IPUIPlugin
2024-10-11 00:26:12,698 [INFO] IPUIPlugin:80 - create IPUIPlugin
2024-10-11 00:26:12,698 [INFO] IPUIPlugin:80 - create IPUIPlugin
2024-10-11 00:26:12,698 [INFO] IPUIPlugin:80 - create IPUIPlugin
2024-10-11 00:26:12,698 [INFO] IPUIPlugin:80 - create IPUIPlugin
2024-10-11 00:26:12,698 [INFO] IPUIPlugin:80 - create IPUIPlugin
2024-10-11 00:26:12,698 [INFO] IPUIPlugin:80 - create IPUIPlugin
2024-10-11 00:26:12,698 [INFO] IPUIPlugin:80 - create IPUIPlugin
2024-10-11 00:26:12,698 [INFO] IPUIPlugin:80 - create IPUIPlugin
2024-10-11 00:26:12,699 [INFO] IPUIPlugin:80 - create IPUIPlugin
2024-10-11 00:26:12,699 [INFO] IPUIPlugin:80 - create IPUIPlugin
2024-10-11 00:26:12,699 [INFO] IPUIPlugin:80 - create IPUIPlugin
2024-10-11 00:26:12,699 [INFO] IPUIPlugin:80 - create IPUIPlugin
2024-10-11 00:26:12,699 [INFO] IPUIPlugin:80 - create IPUIPlugin
2024-10-11 00:26:12,699 [INFO] IPUIPlugin:80 - create IPUIPlugin
2024-10-11 00:26:12,699 [INFO] IPUIPlugin:80 - create IPUIPlugin
2024-10-11 00:26:12,699 [INFO] IPUIPlugin:80 - create IPUIPlugin
2024-10-11 00:26:12,699 [INFO] IPUIPlugin:80 - create IPUIPlugin
2024-10-11 00:26:12,699 [INFO] IPUIPlugin:80 - create IPUIPlugin
2024-10-11 00:26:12,700 [INFO] IPUIPlugin:80 - create IPUIPlugin
2024-10-11 00:26:12,700 [INFO] IPUIPlugin:80 - create IPUIPlugin
2024-10-11 00:26:12,700 [INFO] IPUIPlugin:80 - create IPUIPlugin
2024-10-11 00:26:12,700 [INFO] IPUIPlugin:80 - create IPUIPlugin
2024-10-11 00:26:12,700 [INFO] IPUIPlugin:80 - create IPUIPlugin
2024-10-11 00:26:12,700 [INFO] IPUIPlugin:80 - create IPUIPlugin
2024-10-11 00:26:12,700 [INFO] IPUIPlugin:80 - create IPUIPlugin
2024-10-11 00:26:12,701 [INFO] IPUIPlugin:80 - create IPUIPlugin
2024-10-11 00:26:12,701 [INFO] IPUIPlugin:80 - create IPUIPlugin
2024-10-11 00:26:12,701 [INFO] IPUIPlugin:80 - create IPUIPlugin
2024-10-11 00:26:12,714 [INFO] ApiDbMcu:508 - Load IP Config File for PDM2PCM
2024-10-11 00:26:12,730 [INFO] CADModel:165 - CPN selected for project levelSTM32F401RET6
2024-10-11 00:26:12,730 [INFO] CADModel:114 - Register for checkConnection events
2024-10-11 00:26:12,785 [INFO] OpenFileManager:363 - Restore cursor
2024-10-11 00:26:13,041 [INFO] UtilMem:75 - End SaveConfig() Used Memory: 920222280 Bytes (1073741824)
2024-10-11 00:26:21,369 [INFO] McuFinderGlobals:76 - Set McuFinderConnectedMode to true
2024-10-11 00:26:21,371 [INFO] ApiDb:448 - Save user favorites file C:\Users\radek/.stm32cubeide/favorites.mcus.txt: 0 item(s)
2024-10-11 00:26:21,371 [INFO] ApiDb:452 - User favorites MCUs=[]
2024-10-11 00:27:55,481 [INFO] Gpio:277 - dependency for GPIO [USART2]
2024-10-11 00:29:03,883 [INFO] Gpio:277 - dependency for GPIO [USART2]
2024-10-11 00:29:20,128 [INFO] Gpio:277 - dependency for GPIO [USART2]
2024-10-11 00:30:24,733 [INFO] NvicIntPanel:101 - NVIC parent = com.st.microxplorer.plugins.ip.nvic.MultiNvicIntPanel[,0,0,453x164,layout=javax.swing.BoxLayout,alignmentX=0.0,alignmentY=0.0,border=,flags=9,maximumSize=,minimumSize=,preferredSize=]
2024-10-11 00:30:47,095 [INFO] UtilMem:75 - End SaveConfig() Used Memory: 387634432 Bytes (895483904)
2024-10-11 00:30:48,433 [INFO] UtilMem:75 - End SaveConfig() Used Memory: 413791208 Bytes (895483904)
